Best MSE reached                   : 0.009970116700765768
Number of epochs ran               : 12079
Training set size                  : 464
Training set network performance   : 100.0%
Validation set size                : 232
Validation set network performance : 96.55172413793103%
Validation set test results:
0.4 0.7 0.8 0.3 0.4 1.0 0.9 0.1 0.1 : 0.0 : 0.0 : CORRECT
0.3 0.2 0.1 0.2 0.2 0.1 0.3 0.1 0.1 : 1.0 : 1.0 : CORRECT
0.1 0.1 0.1 0.1 0.2 0.1 0.3 0.1 0.1 : 1.0 : 1.0 : CORRECT
0.3 0.1 0.1 0.1 0.2 0.1 0.3 0.1 0.1 : 1.0 : 1.0 : CORRECT
0.1 0.1 0.1 0.1 0.2 0.1 0.3 0.2 0.1 : 1.0 : 1.0 : CORRECT
0.1 0.1 0.1 0.1 0.2 0.1 0.2 0.1 0.1 : 1.0 : 1.0 : CORRECT
0.2 0.1 0.1 0.1 0.2 0.1 0.2 0.1 0.1 : 1.0 : 1.0 : CORRECT
0.4 0.2 0.1 0.1 0.2 0.1 0.2 0.1 0.1 : 1.0 : 1.0 : CORRECT
0.5 0.2 0.2 0.2 0.2 0.2 0.3 0.2 0.2 : 1.0 : 1.0 : CORRECT
0.4 0.1 0.1 0.2 0.2 0.1 0.1 0.1 0.1 : 1.0 : 1.0 : CORRECT
0.5 0.3 0.4 0.3 0.4 0.5 0.4 0.7 0.1 : 1.0 : 0.0 : WRONG
0.4 0.1 0.1 0.2 0.2 0.1 0.2 0.1 0.1 : 1.0 : 1.0 : CORRECT
0.3 0.1 0.2 0.1 0.2 0.1 0.3 0.1 0.1 : 1.0 : 1.0 : CORRECT
0.7 0.3 0.2 1.0 0.5 1.0 0.5 0.4 0.4 : 0.0 : 0.0 : CORRECT
0.4 0.1 0.1 0.1 0.2 0.1 0.3 0.2 0.1 : 1.0 : 1.0 : CORRECT
0.1 0.1 0.1 0.1 0.1 0.1 0.1 0.1 0.1 : 1.0 : 1.0 : CORRECT
0.7 0.5 0.3 0.7 0.4 1.0 0.7 0.5 0.5 : 0.0 : 0.5110603729912132 : WRONG
0.1 0.1 0.1 0.1 0.2 0.1 0.1 0.1 0.1 : 1.0 : 1.0 : CORRECT
0.8 0.7 0.5 1.0 0.7 0.9 0.5 0.5 0.4 : 0.0 : 0.0 : CORRECT
0.5 0.1 0.2 0.1 0.2 0.1 0.3 0.1 0.1 : 1.0 : 1.0 : CORRECT
0.3 0.1 0.1 0.1 0.1 0.1 0.2 0.1 0.1 : 1.0 : 1.0 : CORRECT
0.3 0.1 0.1 0.1 0.2 0.1 0.2 0.1 0.1 : 1.0 : 1.0 : CORRECT
0.5 0.3 0.3 0.4 0.2 0.4 0.3 0.4 0.1 : 0.0 : 0.0 : CORRECT
1.0 0.6 0.6 0.3 0.4 0.5 0.3 0.6 0.1 : 0.0 : 0.0 : CORRECT
0.2 0.1 0.1 0.1 0.2 0.1 0.3 0.1 0.1 : 1.0 : 1.0 : CORRECT
0.1 0.1 0.1 0.1 0.1 0.1 0.3 0.1 0.1 : 1.0 : 1.0 : CORRECT
0.5 1.0 1.0 0.5 0.4 0.5 0.4 0.4 0.1 : 0.0 : 0.0 : CORRECT
0.4 0.1 0.1 0.1 0.2 0.1 0.3 0.1 0.1 : 1.0 : 1.0 : CORRECT
0.4 0.1 0.1 0.1 0.2 0.1 0.1 0.2 0.1 : 1.0 : 1.0 : CORRECT
0.4 0.1 0.1 0.1 0.2 0.1 0.1 0.1 0.1 : 1.0 : 1.0 : CORRECT
0.3 0.1 0.1 0.1 0.2 0.1 0.2 0.1 0.1 : 1.0 : 1.0 : CORRECT
0.6 0.1 0.1 0.1 0.2 0.1 0.3 0.1 0.1 : 1.0 : 1.0 : CORRECT
0.8 0.4 0.7 0.1 0.3 1.0 0.3 0.9 0.2 : 0.0 : 0.0 : CORRECT
0.8 1.0 1.0 1.0 0.7 0.5 0.4 0.8 0.7 : 0.0 : 0.0 : CORRECT
1.0 0.6 0.4 0.3 1.0 1.0 0.9 1.0 0.1 : 0.0 : 0.0 : CORRECT
1.0 0.8 0.7 0.4 0.3 1.0 0.7 0.9 0.1 : 0.0 : 0.0 : CORRECT
1.0 0.8 1.0 0.1 0.3 1.0 0.5 0.1 0.1 : 0.0 : 0.0 : CORRECT
0.8 0.7 0.6 0.4 0.4 1.0 0.5 0.1 0.1 : 0.0 : 0.0 : CORRECT
0.8 0.2 0.3 0.1 0.6 0.3 0.7 0.1 0.1 : 0.0 : 1.0 : WRONG
0.1 0.1 0.1 0.1 0.2 0.1 0.1 0.1 0.1 : 1.0 : 1.0 : CORRECT
0.5 0.1 0.1 0.1 0.2 0.1 0.1 0.1 0.1 : 1.0 : 1.0 : CORRECT
0.1 0.1 0.1 0.1 0.1 0.1 0.2 0.1 0.1 : 1.0 : 1.0 : CORRECT
0.4 0.1 0.1 0.1 0.2 0.1 0.1 0.1 0.1 : 1.0 : 1.0 : CORRECT
0.5 0.1 0.3 0.3 0.2 0.2 0.2 0.3 0.1 : 1.0 : 1.0 : CORRECT
1.0 1.0 1.0 1.0 0.7 1.0 0.7 1.0 0.4 : 0.0 : 0.0 : CORRECT
0.4 0.1 0.2 0.1 0.2 0.1 0.2 0.1 0.1 : 1.0 : 1.0 : CORRECT
0.1 0.5 0.8 0.6 0.5 0.8 0.7 1.0 0.1 : 0.0 : 0.0 : CORRECT
0.4 0.1 0.1 0.1 0.1 0.1 0.2 0.1 0.1 : 1.0 : 1.0 : CORRECT
0.1 0.1 0.1 0.1 0.2 0.1 0.1 0.1 0.1 : 1.0 : 1.0 : CORRECT
0.5 0.5 0.7 0.8 0.6 1.0 0.7 0.4 0.1 : 0.0 : 0.0 : CORRECT
0.1 0.1 0.1 0.1 0.1 0.1 0.2 0.1 0.1 : 1.0 : 1.0 : CORRECT
0.4 0.1 0.1 0.1 0.2 0.1 0.3 0.1 0.1 : 1.0 : 1.0 : CORRECT
0.4 0.1 0.1 0.1 0.2 0.1 0.3 0.1 0.1 : 1.0 : 1.0 : CORRECT
0.1 0.1 0.1 0.1 0.2 0.5 0.1 0.1 0.1 : 1.0 : 1.0 : CORRECT
1.0 0.9 0.7 0.3 0.4 0.2 0.7 0.7 0.1 : 0.0 : 0.0 : CORRECT
0.2 0.1 0.1 0.1 0.2 0.1 0.3 0.1 0.1 : 1.0 : 1.0 : CORRECT
0.5 0.8 0.9 0.4 0.3 1.0 0.7 0.1 0.1 : 0.0 : 0.0 : CORRECT
0.1 0.1 0.1 0.3 0.2 0.3 0.1 0.1 0.1 : 1.0 : 1.0 : CORRECT
0.4 0.1 0.1 0.1 0.2 0.1 0.1 0.1 0.1 : 1.0 : 1.0 : CORRECT
0.4 0.2 0.1 0.1 0.2 0.1 0.1 0.1 0.1 : 1.0 : 1.0 : CORRECT
0.5 0.4 0.3 0.1 0.2 0.35 0.2 0.3 0.1 : 1.0 : 1.0 : CORRECT
0.4 0.1 0.1 0.1 0.2 0.3 0.2 0.1 0.1 : 1.0 : 1.0 : CORRECT
0.1 0.1 0.1 0.1 0.2 0.1 0.3 0.1 0.1 : 1.0 : 1.0 : CORRECT
1.0 0.6 0.3 0.6 0.4 1.0 0.7 0.8 0.4 : 0.0 : 0.0 : CORRECT
0.5 0.2 0.2 0.2 0.1 0.1 0.2 0.1 0.1 : 1.0 : 1.0 : CORRECT
0.3 0.1 0.4 0.1 0.2 0.35 0.3 0.1 0.1 : 1.0 : 1.0 : CORRECT
0.5 1.0 1.0 0.6 1.0 1.0 1.0 0.6 0.5 : 0.0 : 0.0 : CORRECT
0.4 0.1 0.1 0.1 0.2 0.1 0.2 0.1 0.1 : 1.0 : 1.0 : CORRECT
0.1 0.1 0.3 0.1 0.2 0.1 0.2 0.1 0.1 : 1.0 : 1.0 : CORRECT
0.1 0.1 0.1 0.2 0.1 0.3 0.1 0.1 0.7 : 1.0 : 1.0 : CORRECT
0.5 0.1 0.1 0.1 0.2 0.1 0.2 0.2 0.1 : 1.0 : 1.0 : CORRECT
0.3 0.1 0.1 0.1 0.2 0.1 0.2 0.1 0.1 : 1.0 : 1.0 : CORRECT
0.3 0.1 0.1 0.1 0.3 0.1 0.2 0.1 0.1 : 1.0 : 1.0 : CORRECT
1.0 0.2 0.2 0.1 0.2 0.6 0.1 0.1 0.2 : 0.0 : 0.0 : CORRECT
0.5 1.0 1.0 1.0 1.0 1.0 1.0 0.1 0.1 : 0.0 : 0.0 : CORRECT
0.5 0.1 0.1 0.3 0.2 0.1 0.1 0.1 0.1 : 1.0 : 1.0 : CORRECT
0.4 0.1 0.1 0.1 0.2 0.1 0.2 0.1 0.1 : 1.0 : 1.0 : CORRECT
0.5 0.1 0.1 0.3 0.4 0.1 0.3 0.2 0.1 : 1.0 : 1.0 : CORRECT
0.7 0.6 0.4 0.8 1.0 1.0 0.9 0.5 0.3 : 0.0 : 0.0 : CORRECT
0.2 0.1 0.1 0.1 0.2 0.1 0.2 0.1 0.1 : 1.0 : 1.0 : CORRECT
0.5 0.2 0.3 0.4 0.2 0.7 0.3 0.6 0.1 : 0.0 : 0.0 : CORRECT
0.9 1.0 1.0 0.1 1.0 0.8 0.3 0.3 0.1 : 0.0 : 0.0 : CORRECT
0.4 0.1 0.2 0.1 0.2 0.1 0.2 0.1 0.1 : 1.0 : 1.0 : CORRECT
0.6 0.5 0.5 0.8 0.4 1.0 0.3 0.4 0.1 : 0.0 : 0.0 : CORRECT
1.0 0.4 0.4 0.6 0.2 1.0 0.2 0.3 0.1 : 0.0 : 1.0 : WRONG
0.1 0.1 0.1 0.1 0.2 0.1 0.3 0.1 0.1 : 1.0 : 1.0 : CORRECT
1.0 0.8 0.8 0.2 0.3 0.4 0.8 0.7 0.8 : 0.0 : 0.0 : CORRECT
1.0 0.4 0.4 1.0 0.6 1.0 0.5 0.5 0.1 : 0.0 : 0.0 : CORRECT
0.8 0.6 0.4 0.3 0.5 0.9 0.3 0.1 0.1 : 0.0 : 0.0 : CORRECT
0.7 0.6 0.6 0.3 0.2 1.0 0.7 0.1 0.1 : 0.0 : 0.0 : CORRECT
0.2 0.1 0.2 0.1 0.2 0.1 0.3 0.1 0.1 : 1.0 : 1.0 : CORRECT
0.3 0.1 0.1 0.1 0.2 0.1 0.1 0.1 0.1 : 1.0 : 1.0 : CORRECT
0.2 0.1 0.1 0.1 0.2 0.1 0.3 0.1 0.1 : 1.0 : 1.0 : CORRECT
0.9 0.9 1.0 0.3 0.6 1.0 0.7 1.0 0.6 : 0.0 : 0.0 : CORRECT
0.3 0.1 0.1 0.1 0.2 0.1 0.3 0.2 0.1 : 1.0 : 1.0 : CORRECT
0.1 0.1 0.1 0.1 0.2 0.1 0.3 0.1 0.1 : 1.0 : 1.0 : CORRECT
0.5 1.0 1.0 1.0 0.5 0.2 0.8 0.5 0.1 : 0.0 : 0.0 : CORRECT
1.0 1.0 1.0 0.8 0.6 0.1 0.8 0.9 0.1 : 0.0 : 0.0 : CORRECT
0.3 0.1 0.1 0.1 0.3 0.1 0.2 0.1 0.1 : 1.0 : 1.0 : CORRECT
0.5 0.8 0.8 1.0 0.5 1.0 0.8 1.0 0.3 : 0.0 : 0.0 : CORRECT
0.1 0.1 0.3 0.1 0.2 0.1 0.1 0.1 0.1 : 1.0 : 1.0 : CORRECT
0.4 0.1 0.1 0.1 0.2 0.1 0.3 0.2 0.1 : 1.0 : 1.0 : CORRECT
0.6 1.0 0.7 0.7 0.6 0.4 0.8 1.0 0.2 : 0.0 : 0.0 : CORRECT
0.3 0.1 0.1 0.1 0.1 0.1 0.2 0.1 0.1 : 1.0 : 1.0 : CORRECT
1.0 1.0 1.0 0.7 0.9 1.0 0.7 1.0 1.0 : 0.0 : 0.0 : CORRECT
0.5 0.3 0.2 0.8 0.5 1.0 0.8 0.1 0.2 : 0.0 : 0.0 : CORRECT
1.0 1.0 0.6 0.3 0.3 1.0 0.4 0.3 0.2 : 0.0 : 0.0 : CORRECT
0.3 0.1 0.1 0.1 0.2 0.1 0.1 0.1 0.1 : 1.0 : 1.0 : CORRECT
0.9 0.4 0.5 1.0 0.6 1.0 0.4 0.8 0.1 : 0.0 : 0.0 : CORRECT
0.1 0.1 0.1 0.1 0.1 0.35 0.2 0.1 0.1 : 1.0 : 1.0 : CORRECT
0.4 0.1 0.1 0.1 0.2 0.1 0.1 0.1 0.1 : 1.0 : 1.0 : CORRECT
0.8 0.3 0.3 0.1 0.2 0.2 0.3 0.2 0.1 : 1.0 : 0.0 : WRONG
0.8 0.4 0.4 0.1 0.6 1.0 0.2 0.5 0.2 : 0.0 : 0.0 : CORRECT
0.1 0.1 0.1 0.1 0.2 0.1 0.2 0.1 0.1 : 1.0 : 1.0 : CORRECT
0.3 0.1 0.1 0.1 0.1 0.1 0.2 0.1 0.1 : 1.0 : 1.0 : CORRECT
0.2 0.3 0.4 0.4 0.2 0.5 0.2 0.5 0.1 : 0.0 : 0.0 : CORRECT
0.3 0.2 0.1 0.1 0.1 0.1 0.2 0.1 0.1 : 1.0 : 1.0 : CORRECT
0.3 0.3 0.6 0.4 0.5 0.8 0.4 0.4 0.1 : 0.0 : 0.0 : CORRECT
0.1 0.1 0.1 0.1 0.2 0.35 0.2 0.1 0.1 : 1.0 : 1.0 : CORRECT
0.5 0.2 0.1 0.1 0.2 0.1 0.1 0.1 0.1 : 1.0 : 1.0 : CORRECT
0.1 0.1 0.1 0.1 0.2 0.1 0.1 0.1 0.1 : 1.0 : 1.0 : CORRECT
0.1 0.1 0.1 0.1 0.2 0.1 0.1 0.1 0.1 : 1.0 : 1.0 : CORRECT
0.3 0.1 0.3 0.1 0.2 0.35 0.2 0.1 0.1 : 1.0 : 1.0 : CORRECT
1.0 1.0 1.0 1.0 0.5 1.0 1.0 1.0 0.7 : 0.0 : 0.0 : CORRECT
0.5 0.1 0.2 0.1 0.2 0.1 0.3 0.1 0.1 : 1.0 : 1.0 : CORRECT
0.3 0.1 0.1 0.1 0.2 0.1 0.2 0.1 0.1 : 1.0 : 1.0 : CORRECT
0.4 0.1 0.1 0.1 0.1 0.1 0.2 0.1 0.1 : 1.0 : 1.0 : CORRECT
0.3 0.1 0.1 0.1 0.2 0.1 0.2 0.1 0.1 : 1.0 : 1.0 : CORRECT
0.4 0.1 0.3 0.1 0.2 0.1 0.2 0.1 0.1 : 1.0 : 1.0 : CORRECT
1.0 1.0 1.0 0.3 1.0 0.8 0.8 0.1 0.1 : 0.0 : 0.0 : CORRECT
0.4 0.1 0.1 0.3 0.1 0.1 0.2 0.1 0.1 : 1.0 : 1.0 : CORRECT
0.3 0.1 0.1 0.1 0.2 0.1 0.3 0.1 0.1 : 1.0 : 1.0 : CORRECT
0.5 0.1 0.1 0.1 0.1 0.1 0.1 0.1 0.1 : 1.0 : 1.0 : CORRECT
0.1 0.1 0.1 0.1 0.2 0.1 0.3 0.1 0.1 : 1.0 : 1.0 : CORRECT
0.5 0.2 0.4 0.1 0.1 0.1 0.1 0.1 0.1 : 1.0 : 1.0 : CORRECT
0.2 0.3 0.2 0.2 0.2 0.2 0.3 0.1 0.1 : 1.0 : 1.0 : CORRECT
0.5 1.0 1.0 0.3 0.7 0.3 0.8 1.0 0.2 : 0.0 : 0.0 : CORRECT
0.8 0.4 0.5 0.1 0.2 0.35 0.7 0.3 0.1 : 0.0 : 0.0 : CORRECT
0.9 1.0 1.0 1.0 1.0 1.0 1.0 1.0 0.1 : 0.0 : 0.0 : CORRECT
0.4 0.4 0.2 0.1 0.2 0.5 0.2 0.1 0.2 : 1.0 : 1.0 : CORRECT
0.7 0.2 0.4 0.1 0.3 0.4 0.3 0.3 0.1 : 0.0 : 0.0 : CORRECT
0.4 0.1 0.1 0.2 0.2 0.1 0.2 0.1 0.1 : 1.0 : 1.0 : CORRECT
0.8 0.6 0.4 1.0 1.0 0.1 0.3 0.5 0.1 : 0.0 : 0.0 : CORRECT
0.5 0.1 0.1 0.1 0.2 0.1 0.1 0.1 0.1 : 1.0 : 1.0 : CORRECT
0.7 0.4 0.5 1.0 0.2 1.0 0.3 0.8 0.2 : 0.0 : 0.0 : CORRECT
0.5 0.2 0.2 0.4 0.2 0.4 0.1 0.1 0.1 : 1.0 : 0.8466287920197983 : WRONG
0.3 0.2 0.2 0.3 0.2 0.3 0.3 0.1 0.1 : 1.0 : 1.0 : CORRECT
0.5 0.1 0.1 0.1 0.2 0.1 0.3 0.1 0.1 : 1.0 : 1.0 : CORRECT
0.6 0.1 0.3 0.1 0.2 0.1 0.3 0.1 0.1 : 1.0 : 1.0 : CORRECT
0.3 0.1 0.1 0.1 0.2 0.1 0.3 0.1 0.1 : 1.0 : 1.0 : CORRECT
1.0 0.4 0.5 0.5 0.5 1.0 0.4 0.1 0.1 : 0.0 : 0.0 : CORRECT
0.5 0.1 0.1 0.3 0.2 0.1 0.1 0.1 0.1 : 1.0 : 1.0 : CORRECT
0.6 0.1 0.1 0.1 0.2 0.1 0.3 0.1 0.1 : 1.0 : 1.0 : CORRECT
0.4 0.1 0.1 0.3 0.2 0.1 0.1 0.1 0.1 : 1.0 : 1.0 : CORRECT
0.3 0.1 0.1 0.1 0.2 0.1 0.2 0.1 0.1 : 1.0 : 1.0 : CORRECT
0.5 1.0 1.0 0.8 0.5 0.5 0.7 1.0 0.1 : 0.0 : 0.0 : CORRECT
1.0 0.6 0.5 0.8 0.5 1.0 0.8 0.6 0.1 : 0.0 : 0.0 : CORRECT
0.2 0.1 0.1 0.1 0.3 0.1 0.2 0.1 0.1 : 1.0 : 1.0 : CORRECT
0.4 0.1 0.1 0.1 0.2 0.1 0.3 0.1 0.1 : 1.0 : 1.0 : CORRECT
0.1 0.1 0.2 0.1 0.2 0.1 0.2 0.1 0.1 : 1.0 : 1.0 : CORRECT
0.1 0.3 0.1 0.1 0.2 0.1 0.2 0.2 0.1 : 1.0 : 1.0 : CORRECT
0.2 0.2 0.2 0.1 0.1 0.1 0.7 0.1 0.1 : 1.0 : 1.0 : CORRECT
0.9 0.8 0.8 0.9 0.6 0.3 0.4 0.1 0.1 : 0.0 : 0.0 : CORRECT
0.5 0.1 0.4 0.1 0.2 0.1 0.3 0.2 0.1 : 1.0 : 1.0 : CORRECT
0.1 0.1 0.1 0.1 0.1 0.1 0.3 0.1 0.1 : 1.0 : 1.0 : CORRECT
0.5 0.1 0.1 0.1 0.2 0.1 0.1 0.1 0.1 : 1.0 : 1.0 : CORRECT
1.0 1.0 0.7 0.8 0.7 0.1 1.0 1.0 0.3 : 0.0 : 0.0 : CORRECT
0.2 0.1 0.1 0.2 0.2 0.1 0.3 0.1 0.1 : 1.0 : 1.0 : CORRECT
0.1 0.2 0.1 0.3 0.2 0.1 0.1 0.2 0.1 : 1.0 : 1.0 : CORRECT
0.5 0.3 0.6 0.1 0.2 0.1 0.1 0.1 0.1 : 1.0 : 1.0 : CORRECT
0.1 0.1 0.1 0.1 0.1 0.1 0.3 0.1 0.1 : 1.0 : 1.0 : CORRECT
0.2 0.1 0.1 0.1 0.2 0.1 0.1 0.1 0.1 : 1.0 : 1.0 : CORRECT
0.3 0.1 0.1 0.3 0.1 0.1 0.3 0.1 0.1 : 1.0 : 1.0 : CORRECT
0.5 1.0 1.0 0.9 0.6 1.0 0.7 1.0 0.5 : 0.0 : 0.0 : CORRECT
0.1 0.1 0.1 0.1 0.2 0.1 0.3 0.1 0.1 : 1.0 : 1.0 : CORRECT
0.1 0.1 0.1 0.1 0.2 0.1 0.2 0.1 0.1 : 1.0 : 1.0 : CORRECT
0.5 0.6 0.6 0.2 0.4 1.0 0.3 0.6 0.1 : 0.0 : 0.0 : CORRECT
0.3 0.1 0.2 0.2 0.2 0.1 0.1 0.1 0.1 : 1.0 : 1.0 : CORRECT
0.9 0.6 0.9 0.2 1.0 0.6 0.2 0.9 1.0 : 0.0 : 0.0 : CORRECT
0.5 0.7 1.0 0.6 0.5 1.0 0.7 0.5 0.1 : 0.0 : 0.0 : CORRECT
0.6 1.0 1.0 0.2 0.8 1.0 0.7 0.3 0.3 : 0.0 : 0.0 : CORRECT
0.9 1.0 1.0 1.0 1.0 0.5 1.0 1.0 1.0 : 0.0 : 0.0 : CORRECT
0.6 0.5 0.4 0.4 0.3 0.9 0.7 0.8 0.3 : 0.0 : 0.0 : CORRECT
1.0 1.0 1.0 0.8 0.2 1.0 0.4 0.1 0.1 : 0.0 : 0.0 : CORRECT
0.1 0.2 0.3 0.1 0.2 0.1 0.2 0.1 0.1 : 1.0 : 1.0 : CORRECT
0.9 0.5 0.5 0.4 0.4 0.5 0.4 0.3 0.3 : 0.0 : 0.0 : CORRECT
0.1 0.1 0.1 0.1 0.2 0.1 0.3 0.1 0.1 : 1.0 : 1.0 : CORRECT
0.3 0.1 0.1 0.2 0.2 0.1 0.1 0.1 0.1 : 1.0 : 1.0 : CORRECT
0.5 0.1 0.1 0.3 0.2 0.1 0.1 0.1 0.1 : 1.0 : 1.0 : CORRECT
0.4 0.1 0.2 0.1 0.2 0.1 0.1 0.1 0.1 : 1.0 : 1.0 : CORRECT
0.8 1.0 1.0 1.0 0.6 1.0 1.0 1.0 0.1 : 0.0 : 0.0 : CORRECT
0.4 0.2 0.1 0.1 0.2 0.2 0.3 0.1 0.1 : 1.0 : 1.0 : CORRECT
0.2 0.1 0.1 0.1 0.2 0.1 0.2 0.1 0.1 : 1.0 : 1.0 : CORRECT
0.7 0.3 0.4 0.4 0.3 0.3 0.3 0.2 0.7 : 0.0 : 0.0 : CORRECT
0.1 0.1 0.1 0.1 0.2 0.1 0.3 0.1 0.1 : 1.0 : 1.0 : CORRECT
0.6 0.1 0.1 0.3 0.2 0.1 0.1 0.1 0.1 : 1.0 : 1.0 : CORRECT
0.3 0.1 0.1 0.1 0.2 0.1 0.2 0.1 0.1 : 1.0 : 1.0 : CORRECT
0.7 0.8 0.7 0.6 0.4 0.3 0.8 0.8 0.4 : 0.0 : 0.0 : CORRECT
0.8 0.7 0.8 0.2 0.4 0.2 0.5 1.0 0.1 : 0.0 : 0.0 : CORRECT
0.1 0.1 0.1 0.1 0.2 0.1 0.3 0.1 0.1 : 1.0 : 1.0 : CORRECT
0.5 0.1 0.1 0.1 0.2 0.1 0.3 0.1 0.1 : 1.0 : 1.0 : CORRECT
0.5 0.1 0.1 0.1 0.2 0.1 0.1 0.1 0.1 : 1.0 : 1.0 : CORRECT
0.6 1.0 1.0 1.0 0.4 1.0 0.7 1.0 0.1 : 0.0 : 0.0 : CORRECT
1.0 0.4 0.3 1.0 0.4 1.0 1.0 0.1 0.1 : 0.0 : 0.0 : CORRECT
0.4 0.1 0.1 0.1 0.2 0.1 0.1 0.1 0.1 : 1.0 : 1.0 : CORRECT
0.4 0.6 0.6 0.5 0.7 0.6 0.7 0.7 0.3 : 0.0 : 0.0 : CORRECT
0.3 0.1 0.1 0.2 0.2 0.1 0.1 0.1 0.1 : 1.0 : 1.0 : CORRECT
0.1 0.2 0.2 0.1 0.2 0.1 0.1 0.1 0.1 : 1.0 : 1.0 : CORRECT
0.5 0.8 0.4 1.0 0.5 0.8 0.9 1.0 0.1 : 0.0 : 0.0 : CORRECT
0.5 0.4 0.6 1.0 0.2 1.0 0.4 0.1 0.1 : 0.0 : 0.0 : CORRECT
0.8 0.7 0.8 0.5 0.5 1.0 0.9 1.0 0.1 : 0.0 : 0.0 : CORRECT
0.3 0.1 0.1 0.1 0.2 0.5 0.5 0.1 0.1 : 1.0 : 0.0 : WRONG
0.3 0.1 0.2 0.1 0.2 0.1 0.2 0.1 0.1 : 1.0 : 1.0 : CORRECT
0.1 0.1 0.1 0.1 0.2 0.1 0.1 0.1 0.1 : 1.0 : 1.0 : CORRECT
0.9 0.5 0.8 0.1 0.2 0.3 0.2 0.1 0.5 : 0.0 : 0.0 : CORRECT
0.5 0.1 0.1 0.1 0.2 0.1 0.2 0.1 0.1 : 1.0 : 1.0 : CORRECT
0.5 0.1 0.1 0.1 0.2 0.1 0.2 0.1 0.1 : 1.0 : 1.0 : CORRECT
0.5 0.2 0.1 0.1 0.2 0.1 0.3 0.1 0.1 : 1.0 : 1.0 : CORRECT
0.5 0.1 0.1 0.4 0.2 0.1 0.3 0.1 0.1 : 1.0 : 1.0 : CORRECT
0.1 0.1 0.2 0.1 0.2 0.2 0.4 0.2 0.1 : 1.0 : 1.0 : CORRECT
0.9 0.7 0.7 0.5 0.5 1.0 0.7 0.8 0.3 : 0.0 : 0.0 : CORRECT
0.6 0.1 0.1 0.1 0.2 0.1 0.2 0.1 0.1 : 1.0 : 1.0 : CORRECT
0.3 1.0 0.3 1.0 0.6 1.0 0.5 0.1 0.4 : 0.0 : 0.786933811069933 : WRONG
0.1 0.1 0.1 0.1 0.2 0.1 0.1 0.1 0.1 : 1.0 : 1.0 : CORRECT
0.1 0.4 0.3 1.0 0.4 1.0 0.5 0.6 0.1 : 0.0 : 0.0 : CORRECT
0.2 0.1 0.1 0.2 0.3 0.1 0.2 0.1 0.1 : 1.0 : 1.0 : CORRECT
0.4 0.1 0.1 0.1 0.2 0.1 0.2 0.1 0.1 : 1.0 : 1.0 : CORRECT
0.6 0.3 0.2 0.1 0.3 0.4 0.4 0.1 0.1 : 0.0 : 0.0 : CORRECT
0.5 0.1 0.2 0.1 0.2 0.1 0.1 0.1 0.1 : 1.0 : 1.0 : CORRECT
0.7 0.5 0.6 1.0 0.5 1.0 0.7 0.9 0.4 : 0.0 : 0.0 : CORRECT
0.6 1.0 1.0 1.0 0.8 1.0 0.7 1.0 0.7 : 0.0 : 0.0 : CORRECT
0.5 0.7 1.0 1.0 0.5 1.0 1.0 1.0 0.1 : 0.0 : 0.0 : CORRECT
