Best MSE reached                   : 0.009991277475818105
Number of epochs ran               : 161
Training set size                  : 80
Training set network performance   : 100.0%
Validation set size                : 40
Validation set network performance : 100.0%
Validation set test results:
0.0 0.0 0.0 0.0 0.0 0.0 0.0 0.0 : 0.0 0.0 0.0 0.0 0.0 0.0 0.0 0.0 : 0.0 0.0 0.0 0.0 0.0 0.0 0.0 0.0 : CORRECT
0.0 1.0 0.0 0.0 0.0 0.0 0.0 0.0 : 0.0 1.0 0.0 0.0 0.0 0.0 0.0 0.0 : 0.0 1.0 0.0 0.0 0.0 0.0 0.0 0.0 : CORRECT
0.0 0.0 1.0 0.0 0.0 0.0 0.0 0.0 : 0.0 0.0 1.0 0.0 0.0 0.0 0.0 0.0 : 0.0 0.0 1.0 0.0 0.0 0.0 0.0 0.0 : CORRECT
0.0 0.0 0.0 1.0 0.0 0.0 0.0 0.0 : 0.0 0.0 0.0 1.0 0.0 0.0 0.0 0.0 : 0.0 0.0 0.0 1.0 0.0 0.0 0.0 0.0 : CORRECT
0.0 0.0 0.0 0.0 1.0 0.0 0.0 0.0 : 0.0 0.0 0.0 0.0 1.0 0.0 0.0 0.0 : 0.0 0.0 0.0 0.0 1.0 0.0 0.0 0.0 : CORRECT
0.0 0.0 0.0 0.0 0.0 1.0 0.0 0.0 : 0.0 0.0 0.0 0.0 0.0 1.0 0.0 0.0 : 0.0 0.0 0.0 0.0 0.0 1.0 0.0 0.0 : CORRECT
0.0 0.0 0.0 0.0 0.0 0.0 1.0 0.0 : 0.0 0.0 0.0 0.0 0.0 0.0 1.0 0.0 : 0.0 0.0 0.0 0.0 0.0 0.0 1.0 0.0 : CORRECT
0.0 0.0 0.0 0.0 0.0 0.0 0.0 1.0 : 0.0 0.0 0.0 0.0 0.0 0.0 0.0 1.0 : 0.0 0.0 0.0 0.0 0.0 0.0 0.0 1.0 : CORRECT
0.0 0.0 0.0 0.0 0.0 0.0 0.0 0.0 : 0.0 0.0 0.0 0.0 0.0 0.0 0.0 0.0 : 0.0 0.0 0.0 0.0 0.0 0.0 0.0 0.0 : CORRECT
0.0 1.0 0.0 0.0 0.0 0.0 0.0 0.0 : 0.0 1.0 0.0 0.0 0.0 0.0 0.0 0.0 : 0.0 1.0 0.0 0.0 0.0 0.0 0.0 0.0 : CORRECT
0.0 0.0 1.0 0.0 0.0 0.0 0.0 0.0 : 0.0 0.0 1.0 0.0 0.0 0.0 0.0 0.0 : 0.0 0.0 1.0 0.0 0.0 0.0 0.0 0.0 : CORRECT
0.0 0.0 0.0 1.0 0.0 0.0 0.0 0.0 : 0.0 0.0 0.0 1.0 0.0 0.0 0.0 0.0 : 0.0 0.0 0.0 1.0 0.0 0.0 0.0 0.0 : CORRECT
0.0 0.0 0.0 0.0 1.0 0.0 0.0 0.0 : 0.0 0.0 0.0 0.0 1.0 0.0 0.0 0.0 : 0.0 0.0 0.0 0.0 1.0 0.0 0.0 0.0 : CORRECT
0.0 0.0 0.0 0.0 0.0 1.0 0.0 0.0 : 0.0 0.0 0.0 0.0 0.0 1.0 0.0 0.0 : 0.0 0.0 0.0 0.0 0.0 1.0 0.0 0.0 : CORRECT
0.0 0.0 0.0 0.0 0.0 0.0 1.0 0.0 : 0.0 0.0 0.0 0.0 0.0 0.0 1.0 0.0 : 0.0 0.0 0.0 0.0 0.0 0.0 1.0 0.0 : CORRECT
0.0 0.0 0.0 0.0 0.0 0.0 0.0 1.0 : 0.0 0.0 0.0 0.0 0.0 0.0 0.0 1.0 : 0.0 0.0 0.0 0.0 0.0 0.0 0.0 1.0 : CORRECT
0.0 0.0 0.0 0.0 0.0 0.0 0.0 0.0 : 0.0 0.0 0.0 0.0 0.0 0.0 0.0 0.0 : 0.0 0.0 0.0 0.0 0.0 0.0 0.0 0.0 : CORRECT
0.0 1.0 0.0 0.0 0.0 0.0 0.0 0.0 : 0.0 1.0 0.0 0.0 0.0 0.0 0.0 0.0 : 0.0 1.0 0.0 0.0 0.0 0.0 0.0 0.0 : CORRECT
0.0 0.0 1.0 0.0 0.0 0.0 0.0 0.0 : 0.0 0.0 1.0 0.0 0.0 0.0 0.0 0.0 : 0.0 0.0 1.0 0.0 0.0 0.0 0.0 0.0 : CORRECT
0.0 0.0 0.0 1.0 0.0 0.0 0.0 0.0 : 0.0 0.0 0.0 1.0 0.0 0.0 0.0 0.0 : 0.0 0.0 0.0 1.0 0.0 0.0 0.0 0.0 : CORRECT
0.0 0.0 0.0 0.0 1.0 0.0 0.0 0.0 : 0.0 0.0 0.0 0.0 1.0 0.0 0.0 0.0 : 0.0 0.0 0.0 0.0 1.0 0.0 0.0 0.0 : CORRECT
0.0 0.0 0.0 0.0 0.0 1.0 0.0 0.0 : 0.0 0.0 0.0 0.0 0.0 1.0 0.0 0.0 : 0.0 0.0 0.0 0.0 0.0 1.0 0.0 0.0 : CORRECT
0.0 0.0 0.0 0.0 0.0 0.0 1.0 0.0 : 0.0 0.0 0.0 0.0 0.0 0.0 1.0 0.0 : 0.0 0.0 0.0 0.0 0.0 0.0 1.0 0.0 : CORRECT
0.0 0.0 0.0 0.0 0.0 0.0 0.0 1.0 : 0.0 0.0 0.0 0.0 0.0 0.0 0.0 1.0 : 0.0 0.0 0.0 0.0 0.0 0.0 0.0 1.0 : CORRECT
0.0 0.0 0.0 0.0 0.0 0.0 0.0 0.0 : 0.0 0.0 0.0 0.0 0.0 0.0 0.0 0.0 : 0.0 0.0 0.0 0.0 0.0 0.0 0.0 0.0 : CORRECT
0.0 1.0 0.0 0.0 0.0 0.0 0.0 0.0 : 0.0 1.0 0.0 0.0 0.0 0.0 0.0 0.0 : 0.0 1.0 0.0 0.0 0.0 0.0 0.0 0.0 : CORRECT
0.0 0.0 1.0 0.0 0.0 0.0 0.0 0.0 : 0.0 0.0 1.0 0.0 0.0 0.0 0.0 0.0 : 0.0 0.0 1.0 0.0 0.0 0.0 0.0 0.0 : CORRECT
0.0 0.0 0.0 1.0 0.0 0.0 0.0 0.0 : 0.0 0.0 0.0 1.0 0.0 0.0 0.0 0.0 : 0.0 0.0 0.0 1.0 0.0 0.0 0.0 0.0 : CORRECT
0.0 0.0 0.0 0.0 1.0 0.0 0.0 0.0 : 0.0 0.0 0.0 0.0 1.0 0.0 0.0 0.0 : 0.0 0.0 0.0 0.0 1.0 0.0 0.0 0.0 : CORRECT
0.0 0.0 0.0 0.0 0.0 1.0 0.0 0.0 : 0.0 0.0 0.0 0.0 0.0 1.0 0.0 0.0 : 0.0 0.0 0.0 0.0 0.0 1.0 0.0 0.0 : CORRECT
0.0 0.0 0.0 0.0 0.0 0.0 1.0 0.0 : 0.0 0.0 0.0 0.0 0.0 0.0 1.0 0.0 : 0.0 0.0 0.0 0.0 0.0 0.0 1.0 0.0 : CORRECT
0.0 0.0 0.0 0.0 0.0 0.0 0.0 1.0 : 0.0 0.0 0.0 0.0 0.0 0.0 0.0 1.0 : 0.0 0.0 0.0 0.0 0.0 0.0 0.0 1.0 : CORRECT
0.0 0.0 0.0 0.0 0.0 0.0 0.0 0.0 : 0.0 0.0 0.0 0.0 0.0 0.0 0.0 0.0 : 0.0 0.0 0.0 0.0 0.0 0.0 0.0 0.0 : CORRECT
0.0 1.0 0.0 0.0 0.0 0.0 0.0 0.0 : 0.0 1.0 0.0 0.0 0.0 0.0 0.0 0.0 : 0.0 1.0 0.0 0.0 0.0 0.0 0.0 0.0 : CORRECT
0.0 0.0 1.0 0.0 0.0 0.0 0.0 0.0 : 0.0 0.0 1.0 0.0 0.0 0.0 0.0 0.0 : 0.0 0.0 1.0 0.0 0.0 0.0 0.0 0.0 : CORRECT
0.0 0.0 0.0 1.0 0.0 0.0 0.0 0.0 : 0.0 0.0 0.0 1.0 0.0 0.0 0.0 0.0 : 0.0 0.0 0.0 1.0 0.0 0.0 0.0 0.0 : CORRECT
0.0 0.0 0.0 0.0 1.0 0.0 0.0 0.0 : 0.0 0.0 0.0 0.0 1.0 0.0 0.0 0.0 : 0.0 0.0 0.0 0.0 1.0 0.0 0.0 0.0 : CORRECT
0.0 0.0 0.0 0.0 0.0 1.0 0.0 0.0 : 0.0 0.0 0.0 0.0 0.0 1.0 0.0 0.0 : 0.0 0.0 0.0 0.0 0.0 1.0 0.0 0.0 : CORRECT
0.0 0.0 0.0 0.0 0.0 0.0 1.0 0.0 : 0.0 0.0 0.0 0.0 0.0 0.0 1.0 0.0 : 0.0 0.0 0.0 0.0 0.0 0.0 1.0 0.0 : CORRECT
0.0 0.0 0.0 0.0 0.0 0.0 0.0 1.0 : 0.0 0.0 0.0 0.0 0.0 0.0 0.0 1.0 : 0.0 0.0 0.0 0.0 0.0 0.0 0.0 1.0 : CORRECT
